{"level":"error","message":"secretOrPrivateKey must have a value"}
{"level":"error","message":"Token is not valid"}
{"level":"error","message":"Token is not valid"}
{"level":"error","message":"Token is not valid"}
{"level":"error","message":"Token is not valid"}
{"level":"error","message":"No token provided, authorization denied"}
{"level":"error","message":"No se ha podido acceder a /favicon.ico en el servidor"}
{"level":"error","message":"No se ha podido acceder a / en el servidor"}
{"level":"error","message":"Not allowed by CORS"}
{"level":"error","message":"Not allowed by CORS"}
{"level":"error","message":"Not allowed by CORS"}
{"level":"error","message":"Not allowed by CORS"}
{"level":"error","message":"Not allowed by CORS"}
{"level":"error","message":"Not allowed by CORS"}
{"level":"error","message":"Not allowed by CORS"}
{"level":"error","message":"Not allowed by CORS"}
{"level":"error","message":"Not allowed by CORS"}
{"level":"error","message":"Not allowed by CORS"}
{"level":"error","message":"Not allowed by CORS"}
{"level":"error","message":"Not allowed by CORS"}
{"level":"error","message":"Not allowed by CORS"}
{"level":"error","message":"Not allowed by CORS"}
{"level":"error","message":"Not allowed by CORS"}
{"level":"error","message":"Not allowed by CORS"}
{"level":"error","message":"Not allowed by CORS"}
{"level":"error","message":"Not allowed by CORS"}
{"level":"error","message":"Not allowed by CORS"}
{"level":"error","message":"Not allowed by CORS"}
{"level":"error","message":"Not allowed by CORS"}
{"level":"error","message":"Not allowed by CORS"}
{"level":"error","message":"Not allowed by CORS"}
{"level":"error","message":"Not allowed by CORS"}
{"level":"error","message":"Not allowed by CORS"}
{"level":"error","message":"Not allowed by CORS"}
{"level":"error","message":"Not allowed by CORS"}
{"level":"error","message":"Not allowed by CORS"}
{"level":"error","message":"Not allowed by CORS"}
{"level":"error","message":"Not allowed by CORS"}
{"level":"error","message":"Not allowed by CORS"}
